Drill report for /home/omejzlik/Kicad/Archery-clock/V2-rev1/Hardware/splitter/splitter.kicad_pcb
Created on Sat 26 Jun 2021 10:44:55 AM CEST

Copper Layer Stackup:
    =============================================================
    L1 :  F.Cu                      front
    L2 :  B.Cu                      back


Drill file 'splitter-PTH.drl' contains
    plated through holes:
    =============================================================
    T1  0.40mm  0.016"  (12 holes)
    T2  0.80mm  0.031"  (8 holes)
    T3  0.90mm  0.035"  (6 holes)
    T4  0.92mm  0.036"  (4 holes)
    T5  1.00mm  0.039"  (75 holes)
    T6  1.30mm  0.051"  (9 holes)
    T7  1.80mm  0.071"  (4 holes)
    T8  2.30mm  0.091"  (2 holes)
    T9  2.69mm  0.106"  (6 holes)

    Total plated holes count 126


Drill file 'splitter-NPTH.drl' contains
    unplated through holes:
    =============================================================
    T1  2.75mm  0.108"  (6 holes)
    T2  3.20mm  0.126"  (6 holes)

    Total unplated holes count 12
